This file contains any messages produced by compilers while
running configure, to aid debugging if configure makes a mistake.

It was created by configure, which was
generated by GNU Autoconf 2.60.  Invocation command line was

  $ ./configure --with-charset=utf8

## --------- ##
## Platform. ##
## --------- ##

hostname = baba-no-air
uname -m = x86_64
uname -r = 13.1.0
uname -s = Darwin
uname -v = Darwin Kernel Version 13.1.0: Thu Jan 16 19:40:37 PST 2014; root:xnu-2422.90.20~2/RELEASE_X86_64

/usr/bin/uname -p = i386
/bin/uname -X     = unknown

/bin/arch              = unknown
/usr/bin/arch -k       = unknown
/usr/convex/getsysinfo = unknown
/usr/bin/hostinfo      = Mach kernel version:
	 Darwin Kernel Version 13.1.0: Thu Jan 16 19:40:37 PST 2014; root:xnu-2422.90.20~2/RELEASE_X86_64
Kernel configured for up to 4 processors.
2 processors are physically available.
4 processors are logically available.
Processor type: i486 (Intel 80486)
Processors active: 0 1 2 3
Primary memory available: 4.00 gigabytes
Default processor set: 166 tasks, 852 threads, 4 processors
Load average: 1.36, Mach factor: 2.63
/bin/machine           = unknown
/usr/bin/oslevel       = unknown
/bin/universe          = unknown

PATH: /usr/local/heroku/bin
PATH: /Users/BBBookAir/.nvm/v0.10.12/bin
PATH: /opt/local/bin
PATH: /opt/local/sbin
PATH: /opt/local/bin
PATH: /opt/local/sbin
PATH: /usr/bin
PATH: /bin
PATH: /usr/sbin
PATH: /sbin
PATH: /usr/local/bin
PATH: /usr/local/git/bin
PATH: /usr/texbin
PATH: /Applications/adt-bundle-mac-x86_64-20130514/sdk/platform-tools
PATH: /usr/texbin
PATH: /usr/local/mysql/bin


## ----------- ##
## Core tests. ##
## ----------- ##

configure:1668: checking for a BSD-compatible install
configure:1724: result: /usr/bin/install -c
configure:1735: checking whether build environment is sane
configure:1778: result: yes
configure:1793: checking whether make sets $(MAKE)
configure:1814: result: yes
configure:1846: checking for working aclocal-1.4
configure:1857: result: missing
configure:1861: checking for working autoconf
configure:1872: result: missing
configure:1876: checking for working automake-1.4
configure:1887: result: missing
configure:1891: checking for working autoheader
configure:1902: result: missing
configure:1906: checking for working makeinfo
configure:1913: result: found
configure:1935: checking for a BSD-compatible install
configure:1991: result: /usr/bin/install -c
configure:2027: checking for mecab-config
configure:2045: found /usr/local/bin/mecab-config
configure:2057: result: /usr/local/bin/mecab-config
configure:2246: creating ./config.status

## ---------------------- ##
## Running config.status. ##
## ---------------------- ##

This file was extended by config.status, which was
generated by GNU Autoconf 2.60.  Invocation command line was

  CONFIG_FILES    = 
  CONFIG_HEADERS  = 
  CONFIG_LINKS    = 
  CONFIG_COMMANDS = 
  $ ./config.status 

on baba-no-air

config.status:571: creating Makefile

## ---------------- ##
## Cache variables. ##
## ---------------- ##

ac_cv_env_build_alias_set=
ac_cv_env_build_alias_value=
ac_cv_env_host_alias_set=
ac_cv_env_host_alias_value=
ac_cv_env_target_alias_set=
ac_cv_env_target_alias_value=
ac_cv_path_MECAB_CONFIG=/usr/local/bin/mecab-config
ac_cv_path_install='/usr/bin/install -c'
ac_cv_prog_make_make_set=yes

## ----------------- ##
## Output variables. ##
## ----------------- ##

ACLOCAL='/Users/BBBookAir/desktop/ad/MeCab/Mecab/mecab-ipadic-2.7.0-20070801/missing aclocal-1.4'
AUTOCONF='/Users/BBBookAir/desktop/ad/MeCab/Mecab/mecab-ipadic-2.7.0-20070801/missing autoconf'
AUTOHEADER='/Users/BBBookAir/desktop/ad/MeCab/Mecab/mecab-ipadic-2.7.0-20070801/missing autoheader'
AUTOMAKE='/Users/BBBookAir/desktop/ad/MeCab/Mecab/mecab-ipadic-2.7.0-20070801/missing automake-1.4'
CHARSET='utf8'
DEFS='-DPACKAGE_NAME=\"\" -DPACKAGE_TARNAME=\"\" -DPACKAGE_VERSION=\"\" -DPACKAGE_STRING=\"\" -DPACKAGE_BUGREPORT=\"\" -DPACKAGE=\"mecab-ipadic\" -DVERSION=\"2.7.0-20070801\"'
ECHO_C='ECHO_N=''
ECHO_T=''
INSTALL_DATA='${INSTALL} -m 644'
INSTALL_PROGRAM='${INSTALL}'
INSTALL_SCRIPT='${INSTALL}'
LIBOBJS=''
LIBS=''
LTLIBOBJS=''
MAKEINFO='makeinfo'
MECAB_CONFIG='/usr/local/bin/mecab-config'
MECAB_DICDIR='/usr/local/lib/mecab/dic/ipadic'
MECAB_DICT_INDEX='/usr/local/libexec/mecab/mecab-dict-index'
MECAB_GENDATA='matrix.bin char.bin sys.dic unk.dic'
MECAB_LEXICAL_DIC='Adj.csv Adnominal.csv Adverb.csv Auxil.csv Conjunction.csv Filler.csv Interjection.csv Noun.adjv.csv Noun.adverbal.csv Noun.csv Noun.demonst.csv Noun.nai.csv Noun.name.csv Noun.number.csv Noun.org.csv Noun.others.csv Noun.place.csv Noun.proper.csv Noun.verbal.csv Others.csv Postp-col.csv Postp.csv Prefix.csv Suffix.csv Symbol.csv Verb.csv'
MECAB_MECABRC='/usr/local/etc/mecabrc'
MECAB_PREDATA='char.def feature.def left-id.def matrix.def pos-id.def rewrite.def right-id.def unk.def dicrc'
PACKAGE='mecab-ipadic'
PACKAGE_BUGREPORT=''
PACKAGE_NAME=''
PACKAGE_STRING=''
PACKAGE_TARNAME=''
PACKAGE_VERSION=''
PATH_SEPARATOR=':'
SET_MAKE=''
SHELL='/bin/sh'
VERSION='2.7.0-20070801'
bindir='${exec_prefix}/bin'
build_alias=''
datadir='${datarootdir}'
datarootdir='${prefix}/share'
docdir='${datarootdir}/doc/${PACKAGE}'
dvidir='${docdir}'
exec_prefix='${prefix}'
host_alias=''
htmldir='${docdir}'
includedir='${prefix}/include'
infodir='${datarootdir}/info'
libdir='${exec_prefix}/lib'
libexecdir='${exec_prefix}/libexec'
localedir='${datarootdir}/locale'
localstatedir='${prefix}/var'
mandir='${datarootdir}/man'
oldincludedir='/usr/include'
pdfdir='${docdir}'
prefix='/usr/local'
program_transform_name='s,x,x,'
psdir='${docdir}'
sbindir='${exec_prefix}/sbin'
sharedstatedir='${prefix}/com'
sysconfdir='${prefix}/etc'
target_alias=''

## ----------- ##
## confdefs.h. ##
## ----------- ##

#define PACKAGE_NAME ""
#define PACKAGE_TARNAME ""
#define PACKAGE_VERSION ""
#define PACKAGE_STRING ""
#define PACKAGE_BUGREPORT ""
#define PACKAGE "mecab-ipadic"
#define VERSION "2.7.0-20070801"

configure: exit 0
